<?xml version="1.0" encoding="UTF-8"?>
<!-- Generated by org.testng.reporters.JUnitReportReporter -->
<testsuite hostname="LNAR-5CG9196D0F" failures="0" tests="1" name="com.hackathon.qa.rough.sampletest" time="10.650" errors="0" timestamp="28 Nov 2019 15:16:16 GMT" skipped="0">
  <testcase classname="com.hackathon.qa.rough.sampletest" name="test1" time="10.650"/>
</testsuite> <!-- com.hackathon.qa.rough.sampletest -->
