<?xml version="1.0" encoding="UTF-8"?>
<!-- Generated by org.testng.reporters.JUnitReportReporter -->
<testsuite hostname="LNAR-5CG9196D0F" failures="0" tests="7" name="com.hackathon.qa.testcases.TraditionalUITest" time="164.742" errors="0" timestamp="29 Nov 2019 04:30:08 GMT" skipped="0">
  <testcase classname="com.hackathon.qa.testcases.TraditionalUITest" name="loginuivalidation" time="38.806"/>
  <testcase classname="com.hackathon.qa.testcases.TraditionalUITest" name="validloginTest" time="26.842"/>
  <testcase classname="com.hackathon.qa.testcases.TraditionalUITest" name="invalidUsernameTest" time="6.970"/>
  <testcase classname="com.hackathon.qa.testcases.TraditionalUITest" name="invalidPasswordTest" time="6.615"/>
  <testcase classname="com.hackathon.qa.testcases.TraditionalUITest" name="canvasValidateTest" time="30.598"/>
  <testcase classname="com.hackathon.qa.testcases.TraditionalUITest" name="VerifyFlashSaleTest" time="42.652"/>
  <testcase classname="com.hackathon.qa.testcases.TraditionalUITest" name="verifyTransactionTableTest" time="12.259"/>
</testsuite> <!-- com.hackathon.qa.testcases.TraditionalUITest -->
